{
  "RSpec": {
    "coverage": {
      "/Users/ahmad/projects/CronExpressionParser/spec/cron_parser_spec.rb": {
        "lines": [
          null,
          null,
          1,
          null,
          1,
          5,
          2,
          2,
          2,
          null,
          4,
          null,
          1,
          1,
          1,
          1,
          null,
          null,
          1,
          1,
          null,
          null,
          null,
          1,
          1,
          2,
          null,
          null,
          1,
          2,
          null,
          null,
          null,
          null,
          1,
          1,
          1,
          1,
          null,
          null,
          null,
          null,
          1,
          1,
          null,
          null,
          null,
          null,
          null,
          1,
          1,
          2,
          null,
          null,
          null,
          null
        ]
      },
      "/Users/ahmad/projects/CronExpressionParser/lib/cron_parser.rb": {
        "lines": [
          null,
          null,
          1,
          null,
          1,
          null,
          1,
          null,
          1,
          8,
          8,
          null,
          null,
          null,
          1,
          null,
          4,
          null,
          null,
          4,
          null,
          null,
          null,
          null,
          null,
          null,
          null,
          null,
          1,
          null,
          null,
          1,
          8,
          null,
          7,
          null,
          1,
          null,
          null,
          null,
          1,
          16,
          null,
          19,
          4,
          4,
          null,
          15,
          null,
          14,
          1,
          13,
          2,
          null,
          null,
          11,
          null,
          null,
          null,
          null,
          null,
          null,
          1,
          7,
          null,
          7,
          52,
          null,
          null,
          null,
          1,
          1
        ]
      }
    },
    "timestamp": 1695047787
  }
}
