{
  "RSpec": {
    "coverage": {
      "/Users/ahmad/projects/CronExpressionParser/spec/cron_parser_spec.rb": {
        "lines": [
          null,
          null,
          1,
          null,
          1,
          5,
          2,
          2,
          2,
          null,
          4,
          null,
          1,
          1,
          1,
          1,
          null,
          null,
          1,
          1,
          null,
          null,
          null,
          1,
          1,
          2,
          null,
          null,
          1,
          2,
          null,
          null,
          null,
          null,
          1,
          1,
          1,
          1,
          null,
          null,
          null,
          null,
          1,
          1,
          null,
          null,
          null,
          null,
          null,
          1,
          1,
          2,
          null,
          null,
          null,
          null
        ]
      },
      "/Users/ahmad/projects/CronExpressionParser/lib/cron_parser.rb": {
        "lines": [
          null,
          null,
          1,
          null,
          1,
          null,
          1,
          null,
          1,
          7,
          7,
          null,
          null,
          null,
          1,
          null,
          3,
          null,
          null,
          3,
          null,
          null,
          null,
          null,
          null,
          null,
          null,
          null,
          1,
          null,
          null,
          1,
          7,
          null,
          6,
          null,
          1,
          null,
          null,
          null,
          1,
          11,
          null,
          13,
          2,
          2,
          null,
          11,
          null,
          10,
          1,
          9,
          1,
          null,
          null,
          8,
          null,
          null,
          null,
          null,
          null,
          null,
          1,
          4,
          4,
          28,
          null,
          4,
          4,
          null,
          null
        ]
      }
    },
    "timestamp": 1694671612
  }
}
